{"/Users/iury/repositorios/espoo-dev/frontend/src/api/client.ts": {"path":"/Users/iury/repositorios/espoo-dev/frontend/src/api/client.ts","statementMap":{"0":{"start":{"line":5,"column":2},"end":{"line":7,"column":42}},"1":{"start":{"line":9,"column":22},"end":{"line":9,"column":40}},"2":{"start":{"line":14,"column":41},"end":{"line":20,"column":2}},"3":{"start":{"line":22,"column":0},"end":{"line":33,"column":2}},"4":{"start":{"line":24,"column":22},"end":{"line":24,"column":35}},"5":{"start":{"line":26,"column":4},"end":{"line":28,"column":5}},"6":{"start":{"line":27,"column":6},"end":{"line":27,"column":50}},"7":{"start":{"line":30,"column":4},"end":{"line":30,"column":21}},"8":{"start":{"line":32,"column":13},"end":{"line":32,"column":34}}},"fnMap":{"0":{"name":"(anonymous_0)","decl":{"start":{"line":23,"column":2},"end":{"line":23,"column":3}},"loc":{"start":{"line":23,"column":21},"end":{"line":31,"column":3}},"line":23},"1":{"name":"(anonymous_1)","decl":{"start":{"line":32,"column":2},"end":{"line":32,"column":3}},"loc":{"start":{"line":32,"column":13},"end":{"line":32,"column":34}},"line":32}},"branchMap":{"0":{"loc":{"start":{"line":5,"column":2},"end":{"line":7,"column":42}},"type":"cond-expr","locations":[{"start":{"line":6,"column":6},"end":{"line":6,"column":41}},{"start":{"line":7,"column":6},"end":{"line":7,"column":42}}],"line":5},"1":{"loc":{"start":{"line":15,"column":11},"end":{"line":15,"column":51}},"type":"binary-expr","locations":[{"start":{"line":15,"column":11},"end":{"line":15,"column":40}},{"start":{"line":15,"column":44},"end":{"line":15,"column":51}}],"line":15},"2":{"loc":{"start":{"line":26,"column":4},"end":{"line":28,"column":5}},"type":"if","locations":[{"start":{"line":26,"column":4},"end":{"line":28,"column":5}},{"start":{"line":26,"column":4},"end":{"line":28,"column":5}}],"line":26}},"s":{"0":1,"1":1,"2":1,"3":1,"4":0,"5":0,"6":0,"7":0,"8":0},"f":{"0":0,"1":0},"b":{"0":[0,1],"1":[1,0],"2":[0,0]},"_coverageSchema":"1a1c01bbd47fc00a2c39e90264f33305004495a9","hash":"0a8d72b9e50e5acd562652864872a9345a17be62"}
,"/Users/iury/repositorios/espoo-dev/frontend/src/api/error-handler.ts": {"path":"/Users/iury/repositorios/espoo-dev/frontend/src/api/error-handler.ts","statementMap":{"0":{"start":{"line":8,"column":28},"end":{"line":21,"column":1}},"1":{"start":{"line":9,"column":32},"end":{"line":9,"column":45}},"2":{"start":{"line":13,"column":2},"end":{"line":20,"column":3}},"3":{"start":{"line":14,"column":22},"end":{"line":14,"column":35}},"4":{"start":{"line":15,"column":4},"end":{"line":15,"column":28}},"5":{"start":{"line":16,"column":9},"end":{"line":20,"column":3}},"6":{"start":{"line":17,"column":4},"end":{"line":17,"column":30}},"7":{"start":{"line":19,"column":4},"end":{"line":19,"column":53}},"8":{"start":{"line":23,"column":25},"end":{"line":28,"column":4}},"9":{"start":{"line":24,"column":2},"end":{"line":28,"column":4}}},"fnMap":{"0":{"name":"(anonymous_0)","decl":{"start":{"line":8,"column":28},"end":{"line":8,"column":29}},"loc":{"start":{"line":8,"column":72},"end":{"line":21,"column":1}},"line":8},"1":{"name":"(anonymous_1)","decl":{"start":{"line":23,"column":25},"end":{"line":23,"column":26}},"loc":{"start":{"line":24,"column":2},"end":{"line":28,"column":4}},"line":24}},"branchMap":{"0":{"loc":{"start":{"line":13,"column":2},"end":{"line":20,"column":3}},"type":"if","locations":[{"start":{"line":13,"column":2},"end":{"line":20,"column":3}},{"start":{"line":13,"column":2},"end":{"line":20,"column":3}}],"line":13},"1":{"loc":{"start":{"line":13,"column":6},"end":{"line":13,"column":54}},"type":"binary-expr","locations":[{"start":{"line":13,"column":6},"end":{"line":13,"column":14}},{"start":{"line":13,"column":18},"end":{"line":13,"column":31}},{"start":{"line":13,"column":35},"end":{"line":13,"column":54}}],"line":13},"2":{"loc":{"start":{"line":16,"column":9},"end":{"line":20,"column":3}},"type":"if","locations":[{"start":{"line":16,"column":9},"end":{"line":20,"column":3}},{"start":{"line":16,"column":9},"end":{"line":20,"column":3}}],"line":16}},"s":{"0":2,"1":4,"2":4,"3":0,"4":0,"5":4,"6":4,"7":0,"8":2,"9":4},"f":{"0":4,"1":4},"b":{"0":[0,4],"1":[4,0,0],"2":[4,0]},"_coverageSchema":"1a1c01bbd47fc00a2c39e90264f33305004495a9","hash":"73bfae87dcdc4f3dad44f0668d179754d2800cf5"}
,"/Users/iury/repositorios/espoo-dev/frontend/src/api/index.ts": {"path":"/Users/iury/repositorios/espoo-dev/frontend/src/api/index.ts","statementMap":{},"fnMap":{},"branchMap":{},"s":{},"f":{},"b":{},"_coverageSchema":"1a1c01bbd47fc00a2c39e90264f33305004495a9","hash":"e8203dd87af8933fb779d890d38bf427b66ca579"}
,"/Users/iury/repositorios/espoo-dev/frontend/src/api/services/auth.ts": {"path":"/Users/iury/repositorios/espoo-dev/frontend/src/api/services/auth.ts","statementMap":{"0":{"start":{"line":7,"column":4},"end":{"line":7,"column":33}},"1":{"start":{"line":13,"column":4},"end":{"line":21,"column":5}},"2":{"start":{"line":14,"column":23},"end":{"line":16,"column":8}},"3":{"start":{"line":18,"column":6},"end":{"line":18,"column":22}},"4":{"start":{"line":20,"column":6},"end":{"line":20,"column":26}},"5":{"start":{"line":23,"column":4},"end":{"line":23,"column":21}},"6":{"start":{"line":29,"column":4},"end":{"line":35,"column":5}},"7":{"start":{"line":30,"column":23},"end":{"line":30,"column":77}},"8":{"start":{"line":32,"column":6},"end":{"line":32,"column":22}},"9":{"start":{"line":34,"column":6},"end":{"line":34,"column":26}},"10":{"start":{"line":37,"column":4},"end":{"line":37,"column":21}}},"fnMap":{"0":{"name":"(anonymous_0)","decl":{"start":{"line":6,"column":2},"end":{"line":6,"column":3}},"loc":{"start":{"line":6,"column":49},"end":{"line":8,"column":3}},"line":6},"1":{"name":"(anonymous_1)","decl":{"start":{"line":10,"column":2},"end":{"line":10,"column":3}},"loc":{"start":{"line":12,"column":46},"end":{"line":24,"column":3}},"line":12},"2":{"name":"(anonymous_2)","decl":{"start":{"line":26,"column":2},"end":{"line":26,"column":3}},"loc":{"start":{"line":28,"column":46},"end":{"line":38,"column":3}},"line":28}},"branchMap":{},"s":{"0":9,"1":4,"2":4,"3":2,"4":2,"5":2,"6":4,"7":4,"8":2,"9":2,"10":2},"f":{"0":9,"1":4,"2":4},"b":{},"_coverageSchema":"1a1c01bbd47fc00a2c39e90264f33305004495a9","hash":"69afaa2af5bd0ad5c3ce350aa0e75e567ed83d74"}
,"/Users/iury/repositorios/espoo-dev/frontend/src/api/services/index.ts": {"path":"/Users/iury/repositorios/espoo-dev/frontend/src/api/services/index.ts","statementMap":{},"fnMap":{},"branchMap":{},"s":{},"f":{},"b":{},"_coverageSchema":"1a1c01bbd47fc00a2c39e90264f33305004495a9","hash":"ebc5051ee8a15238b0daade1770437c895a35220"}
,"/Users/iury/repositorios/espoo-dev/frontend/src/api/services/role.ts": {"path":"/Users/iury/repositorios/espoo-dev/frontend/src/api/services/role.ts","statementMap":{"0":{"start":{"line":6,"column":4},"end":{"line":6,"column":33}},"1":{"start":{"line":10,"column":4},"end":{"line":18,"column":5}},"2":{"start":{"line":11,"column":23},"end":{"line":11,"column":73}},"3":{"start":{"line":13,"column":6},"end":{"line":15,"column":7}},"4":{"start":{"line":14,"column":8},"end":{"line":14,"column":24}},"5":{"start":{"line":17,"column":6},"end":{"line":17,"column":29}},"6":{"start":{"line":20,"column":4},"end":{"line":20,"column":21}}},"fnMap":{"0":{"name":"(anonymous_0)","decl":{"start":{"line":5,"column":2},"end":{"line":5,"column":3}},"loc":{"start":{"line":5,"column":49},"end":{"line":7,"column":3}},"line":5},"1":{"name":"(anonymous_1)","decl":{"start":{"line":9,"column":2},"end":{"line":9,"column":3}},"loc":{"start":{"line":9,"column":66},"end":{"line":21,"column":3}},"line":9}},"branchMap":{"0":{"loc":{"start":{"line":13,"column":6},"end":{"line":15,"column":7}},"type":"if","locations":[{"start":{"line":13,"column":6},"end":{"line":15,"column":7}},{"start":{"line":13,"column":6},"end":{"line":15,"column":7}}],"line":13}},"s":{"0":0,"1":0,"2":0,"3":0,"4":0,"5":0,"6":0},"f":{"0":0,"1":0},"b":{"0":[0,0]},"_coverageSchema":"1a1c01bbd47fc00a2c39e90264f33305004495a9","hash":"854c677979112596c163badba3d1a251efcd1a00"}
,"/Users/iury/repositorios/espoo-dev/frontend/src/api/services/user.ts": {"path":"/Users/iury/repositorios/espoo-dev/frontend/src/api/services/user.ts","statementMap":{"0":{"start":{"line":6,"column":4},"end":{"line":6,"column":33}},"1":{"start":{"line":12,"column":21},"end":{"line":14,"column":6}},"2":{"start":{"line":16,"column":4},"end":{"line":18,"column":5}},"3":{"start":{"line":17,"column":6},"end":{"line":17,"column":22}},"4":{"start":{"line":20,"column":4},"end":{"line":20,"column":21}}},"fnMap":{"0":{"name":"(anonymous_0)","decl":{"start":{"line":5,"column":2},"end":{"line":5,"column":3}},"loc":{"start":{"line":5,"column":49},"end":{"line":7,"column":3}},"line":5},"1":{"name":"(anonymous_1)","decl":{"start":{"line":9,"column":2},"end":{"line":9,"column":3}},"loc":{"start":{"line":11,"column":48},"end":{"line":21,"column":3}},"line":11}},"branchMap":{"0":{"loc":{"start":{"line":16,"column":4},"end":{"line":18,"column":5}},"type":"if","locations":[{"start":{"line":16,"column":4},"end":{"line":18,"column":5}},{"start":{"line":16,"column":4},"end":{"line":18,"column":5}}],"line":16}},"s":{"0":0,"1":0,"2":0,"3":0,"4":0},"f":{"0":0,"1":0},"b":{"0":[0,0]},"_coverageSchema":"1a1c01bbd47fc00a2c39e90264f33305004495a9","hash":"f33761fe50aac5d8f5483b69867875ced9dfd301"}
,"/Users/iury/repositorios/espoo-dev/frontend/src/components/Navbar/navbar.styles.ts": {"path":"/Users/iury/repositorios/espoo-dev/frontend/src/components/Navbar/navbar.styles.ts","statementMap":{"0":{"start":{"line":4,"column":19},"end":{"line":12,"column":1}},"1":{"start":{"line":14,"column":23},"end":{"line":18,"column":1}},"2":{"start":{"line":20,"column":24},"end":{"line":31,"column":1}},"3":{"start":{"line":33,"column":26},"end":{"line":33,"column":40}},"4":{"start":{"line":35,"column":25},"end":{"line":45,"column":1}}},"fnMap":{},"branchMap":{},"s":{"0":1,"1":1,"2":1,"3":1,"4":1},"f":{},"b":{},"_coverageSchema":"1a1c01bbd47fc00a2c39e90264f33305004495a9","hash":"df52148c242eabfb8f4947ec0d40837943c4916e"}
,"/Users/iury/repositorios/espoo-dev/frontend/src/components/Navbar/navbar.tsx": {"path":"/Users/iury/repositorios/espoo-dev/frontend/src/components/Navbar/navbar.tsx","statementMap":{"0":{"start":{"line":7,"column":22},"end":{"line":29,"column":1}},"1":{"start":{"line":8,"column":18},"end":{"line":8,"column":41}},"2":{"start":{"line":9,"column":21},"end":{"line":9,"column":28}},"3":{"start":{"line":11,"column":23},"end":{"line":13,"column":3}},"4":{"start":{"line":12,"column":4},"end":{"line":12,"column":13}},"5":{"start":{"line":15,"column":2},"end":{"line":28,"column":4}}},"fnMap":{"0":{"name":"(anonymous_0)","decl":{"start":{"line":7,"column":22},"end":{"line":7,"column":23}},"loc":{"start":{"line":7,"column":28},"end":{"line":29,"column":1}},"line":7},"1":{"name":"(anonymous_1)","decl":{"start":{"line":11,"column":23},"end":{"line":11,"column":24}},"loc":{"start":{"line":11,"column":29},"end":{"line":13,"column":3}},"line":11}},"branchMap":{},"s":{"0":1,"1":2,"2":2,"3":2,"4":1,"5":2},"f":{"0":2,"1":1},"b":{},"_coverageSchema":"1a1c01bbd47fc00a2c39e90264f33305004495a9","hash":"057a91cbc7e2203fdc648e9f2a5ccc7087df0047"}
,"/Users/iury/repositorios/espoo-dev/frontend/src/components/app-button/app-button.styles.ts": {"path":"/Users/iury/repositorios/espoo-dev/frontend/src/components/app-button/app-button.styles.ts","statementMap":{"0":{"start":{"line":5,"column":31},"end":{"line":21,"column":1}},"1":{"start":{"line":23,"column":27},"end":{"line":42,"column":1}}},"fnMap":{},"branchMap":{},"s":{"0":1,"1":1},"f":{},"b":{},"_coverageSchema":"1a1c01bbd47fc00a2c39e90264f33305004495a9","hash":"e59d6abffd109e51e792a899b5d2a5d211a55dae"}
,"/Users/iury/repositorios/espoo-dev/frontend/src/components/app-button/app-button.tsx": {"path":"/Users/iury/repositorios/espoo-dev/frontend/src/components/app-button/app-button.tsx","statementMap":{"0":{"start":{"line":14,"column":21},"end":{"line":17,"column":1}},"1":{"start":{"line":19,"column":25},"end":{"line":28,"column":1}},"2":{"start":{"line":20,"column":53},"end":{"line":20,"column":58}},"3":{"start":{"line":21,"column":2},"end":{"line":27,"column":4}},"4":{"start":{"line":30,"column":0},"end":{"line":30,"column":38}}},"fnMap":{"0":{"name":"(anonymous_0)","decl":{"start":{"line":19,"column":25},"end":{"line":19,"column":26}},"loc":{"start":{"line":19,"column":52},"end":{"line":28,"column":1}},"line":19}},"branchMap":{"0":{"loc":{"start":{"line":22,"column":41},"end":{"line":22,"column":60}},"type":"binary-expr","locations":[{"start":{"line":22,"column":41},"end":{"line":22,"column":48}},{"start":{"line":22,"column":52},"end":{"line":22,"column":60}}],"line":22},"1":{"loc":{"start":{"line":23,"column":7},"end":{"line":23,"column":70}},"type":"binary-expr","locations":[{"start":{"line":23,"column":7},"end":{"line":23,"column":14}},{"start":{"line":23,"column":18},"end":{"line":23,"column":70}}],"line":23}},"s":{"0":1,"1":1,"2":5,"3":5,"4":1},"f":{"0":5},"b":{"0":[5,4],"1":[5,1]},"_coverageSchema":"1a1c01bbd47fc00a2c39e90264f33305004495a9","hash":"e03f3cfc37495861675cbaf9430d3e78cc4f77b1"}
,"/Users/iury/repositorios/espoo-dev/frontend/src/components/main/TeacherDetails.tsx": {"path":"/Users/iury/repositorios/espoo-dev/frontend/src/components/main/TeacherDetails.tsx","statementMap":{"0":{"start":{"line":12,"column":30},"end":{"line":69,"column":1}},"1":{"start":{"line":13,"column":48},"end":{"line":13,"column":53}},"2":{"start":{"line":14,"column":2},"end":{"line":68,"column":4}}},"fnMap":{"0":{"name":"(anonymous_0)","decl":{"start":{"line":12,"column":30},"end":{"line":12,"column":31}},"loc":{"start":{"line":12,"column":62},"end":{"line":69,"column":1}},"line":12}},"branchMap":{"0":{"loc":{"start":{"line":51,"column":11},"end":{"line":51,"column":31}},"type":"binary-expr","locations":[{"start":{"line":51,"column":11},"end":{"line":51,"column":22}},{"start":{"line":51,"column":26},"end":{"line":51,"column":31}}],"line":51}},"s":{"0":1,"1":4,"2":4},"f":{"0":4},"b":{"0":[4,1]},"_coverageSchema":"1a1c01bbd47fc00a2c39e90264f33305004495a9","hash":"fcdffc198db807feae1ea70d31962ccd4d1bca79"}
,"/Users/iury/repositorios/espoo-dev/frontend/src/components/main/TeachersList.tsx": {"path":"/Users/iury/repositorios/espoo-dev/frontend/src/components/main/TeachersList.tsx","statementMap":{"0":{"start":{"line":18,"column":28},"end":{"line":67,"column":1}},"1":{"start":{"line":19,"column":29},"end":{"line":19,"column":34}},"2":{"start":{"line":20,"column":2},"end":{"line":22,"column":3}},"3":{"start":{"line":21,"column":4},"end":{"line":21,"column":40}},"4":{"start":{"line":24,"column":2},"end":{"line":26,"column":3}},"5":{"start":{"line":25,"column":4},"end":{"line":25,"column":44}},"6":{"start":{"line":28,"column":2},"end":{"line":66,"column":4}},"7":{"start":{"line":32,"column":10},"end":{"line":52,"column":21}},"8":{"start":{"line":34,"column":27},"end":{"line":34,"column":41}}},"fnMap":{"0":{"name":"(anonymous_0)","decl":{"start":{"line":18,"column":28},"end":{"line":18,"column":29}},"loc":{"start":{"line":18,"column":57},"end":{"line":67,"column":1}},"line":18},"1":{"name":"(anonymous_1)","decl":{"start":{"line":31,"column":17},"end":{"line":31,"column":18}},"loc":{"start":{"line":32,"column":10},"end":{"line":52,"column":21}},"line":32},"2":{"name":"(anonymous_2)","decl":{"start":{"line":34,"column":21},"end":{"line":34,"column":22}},"loc":{"start":{"line":34,"column":27},"end":{"line":34,"column":41}},"line":34}},"branchMap":{"0":{"loc":{"start":{"line":20,"column":2},"end":{"line":22,"column":3}},"type":"if","locations":[{"start":{"line":20,"column":2},"end":{"line":22,"column":3}},{"start":{"line":20,"column":2},"end":{"line":22,"column":3}}],"line":20},"1":{"loc":{"start":{"line":24,"column":2},"end":{"line":26,"column":3}},"type":"if","locations":[{"start":{"line":24,"column":2},"end":{"line":26,"column":3}},{"start":{"line":24,"column":2},"end":{"line":26,"column":3}}],"line":24},"2":{"loc":{"start":{"line":30,"column":7},"end":{"line":64,"column":7}},"type":"cond-expr","locations":[{"start":{"line":31,"column":8},"end":{"line":53,"column":10}},{"start":{"line":55,"column":8},"end":{"line":63,"column":15}}],"line":30},"3":{"loc":{"start":{"line":30,"column":7},"end":{"line":30,"column":26}},"type":"binary-expr","locations":[{"start":{"line":30,"column":7},"end":{"line":30,"column":11}},{"start":{"line":30,"column":15},"end":{"line":30,"column":26}}],"line":30}},"s":{"0":1,"1":8,"2":7,"3":2,"4":5,"5":2,"6":3,"7":2,"8":1},"f":{"0":8,"1":2,"2":1},"b":{"0":[2,5],"1":[2,3],"2":[2,1],"3":[3,3]},"_coverageSchema":"1a1c01bbd47fc00a2c39e90264f33305004495a9","hash":"51260f988230a0c97d94802b597ab0f66120168e"}
,"/Users/iury/repositorios/espoo-dev/frontend/src/context/auth.tsx": {"path":"/Users/iury/repositorios/espoo-dev/frontend/src/context/auth.tsx","statementMap":{"0":{"start":{"line":19,"column":27},"end":{"line":21,"column":1}},"1":{"start":{"line":23,"column":20},"end":{"line":23,"column":47}},"2":{"start":{"line":25,"column":38},"end":{"line":108,"column":1}},"3":{"start":{"line":26,"column":26},"end":{"line":26,"column":53}},"4":{"start":{"line":27,"column":28},"end":{"line":27,"column":50}},"5":{"start":{"line":28,"column":32},"end":{"line":28,"column":47}},"6":{"start":{"line":29,"column":17},"end":{"line":29,"column":28}},"7":{"start":{"line":31,"column":16},"end":{"line":53,"column":8}},"8":{"start":{"line":32,"column":4},"end":{"line":32,"column":21}},"9":{"start":{"line":33,"column":21},"end":{"line":33,"column":57}},"10":{"start":{"line":34,"column":4},"end":{"line":34,"column":22}},"11":{"start":{"line":36,"column":4},"end":{"line":52,"column":5}},"12":{"start":{"line":37,"column":32},"end":{"line":37,"column":48}},"13":{"start":{"line":39,"column":6},"end":{"line":43,"column":9}},"14":{"start":{"line":45,"column":6},"end":{"line":45,"column":30}},"15":{"start":{"line":47,"column":6},"end":{"line":47,"column":64}},"16":{"start":{"line":49,"column":6},"end":{"line":49,"column":29}},"17":{"start":{"line":50,"column":6},"end":{"line":50,"column":30}},"18":{"start":{"line":51,"column":6},"end":{"line":51,"column":51}},"19":{"start":{"line":55,"column":19},"end":{"line":69,"column":8}},"20":{"start":{"line":56,"column":4},"end":{"line":56,"column":21}},"21":{"start":{"line":57,"column":21},"end":{"line":57,"column":53}},"22":{"start":{"line":58,"column":4},"end":{"line":58,"column":22}},"23":{"start":{"line":60,"column":4},"end":{"line":68,"column":5}},"24":{"start":{"line":61,"column":6},"end":{"line":65,"column":9}},"25":{"start":{"line":67,"column":6},"end":{"line":67,"column":31}},"26":{"start":{"line":71,"column":17},"end":{"line":75,"column":8}},"27":{"start":{"line":72,"column":4},"end":{"line":72,"column":37}},"28":{"start":{"line":73,"column":4},"end":{"line":73,"column":19}},"29":{"start":{"line":74,"column":4},"end":{"line":74,"column":18}},"30":{"start":{"line":77,"column":21},"end":{"line":91,"column":3}},"31":{"start":{"line":78,"column":21},"end":{"line":88,"column":6}},"32":{"start":{"line":79,"column":26},"end":{"line":79,"column":55}},"33":{"start":{"line":81,"column":6},"end":{"line":87,"column":7}},"34":{"start":{"line":82,"column":8},"end":{"line":82,"column":33}},"35":{"start":{"line":83,"column":8},"end":{"line":83,"column":22}},"36":{"start":{"line":85,"column":8},"end":{"line":85,"column":30}},"37":{"start":{"line":86,"column":8},"end":{"line":86,"column":23}},"38":{"start":{"line":90,"column":4},"end":{"line":90,"column":20}},"39":{"start":{"line":93,"column":2},"end":{"line":107,"column":4}}},"fnMap":{"0":{"name":"(anonymous_0)","decl":{"start":{"line":25,"column":38},"end":{"line":25,"column":39}},"loc":{"start":{"line":25,"column":56},"end":{"line":108,"column":1}},"line":25},"1":{"name":"(anonymous_1)","decl":{"start":{"line":31,"column":28},"end":{"line":31,"column":29}},"loc":{"start":{"line":31,"column":55},"end":{"line":53,"column":3}},"line":31},"2":{"name":"(anonymous_2)","decl":{"start":{"line":55,"column":31},"end":{"line":55,"column":32}},"loc":{"start":{"line":55,"column":59},"end":{"line":69,"column":3}},"line":55},"3":{"name":"(anonymous_3)","decl":{"start":{"line":71,"column":29},"end":{"line":71,"column":30}},"loc":{"start":{"line":71,"column":35},"end":{"line":75,"column":3}},"line":71},"4":{"name":"(anonymous_4)","decl":{"start":{"line":77,"column":21},"end":{"line":77,"column":22}},"loc":{"start":{"line":77,"column":33},"end":{"line":91,"column":3}},"line":77},"5":{"name":"(anonymous_5)","decl":{"start":{"line":78,"column":42},"end":{"line":78,"column":43}},"loc":{"start":{"line":78,"column":55},"end":{"line":88,"column":5}},"line":78}},"branchMap":{"0":{"loc":{"start":{"line":36,"column":4},"end":{"line":52,"column":5}},"type":"if","locations":[{"start":{"line":36,"column":4},"end":{"line":52,"column":5}},{"start":{"line":36,"column":4},"end":{"line":52,"column":5}}],"line":36},"1":{"loc":{"start":{"line":60,"column":4},"end":{"line":68,"column":5}},"type":"if","locations":[{"start":{"line":60,"column":4},"end":{"line":68,"column":5}},{"start":{"line":60,"column":4},"end":{"line":68,"column":5}}],"line":60},"2":{"loc":{"start":{"line":81,"column":6},"end":{"line":87,"column":7}},"type":"if","locations":[{"start":{"line":81,"column":6},"end":{"line":87,"column":7}},{"start":{"line":81,"column":6},"end":{"line":87,"column":7}}],"line":81}},"s":{"0":1,"1":1,"2":1,"3":0,"4":0,"5":0,"6":0,"7":0,"8":0,"9":0,"10":0,"11":0,"12":0,"13":0,"14":0,"15":0,"16":0,"17":0,"18":0,"19":0,"20":0,"21":0,"22":0,"23":0,"24":0,"25":0,"26":0,"27":0,"28":0,"29":0,"30":0,"31":0,"32":0,"33":0,"34":0,"35":0,"36":0,"37":0,"38":0,"39":0},"f":{"0":0,"1":0,"2":0,"3":0,"4":0,"5":0},"b":{"0":[0,0],"1":[0,0],"2":[0,0]},"_coverageSchema":"1a1c01bbd47fc00a2c39e90264f33305004495a9","hash":"0e18cd9daeed1d4bb59dca17c472e9330f8cc28c"}
,"/Users/iury/repositorios/espoo-dev/frontend/src/hooks/index.ts": {"path":"/Users/iury/repositorios/espoo-dev/frontend/src/hooks/index.ts","statementMap":{},"fnMap":{},"branchMap":{},"s":{},"f":{},"b":{},"_coverageSchema":"1a1c01bbd47fc00a2c39e90264f33305004495a9","hash":"66b029d7a39afb8e9c5ac733dec768c5ea05f1a6"}
,"/Users/iury/repositorios/espoo-dev/frontend/src/hooks/useAuth.ts": {"path":"/Users/iury/repositorios/espoo-dev/frontend/src/hooks/useAuth.ts","statementMap":{"0":{"start":{"line":1,"column":23},"end":{"line":4,"column":1}},"1":{"start":{"line":2,"column":16},"end":{"line":2,"column":45}},"2":{"start":{"line":3,"column":2},"end":{"line":3,"column":15}}},"fnMap":{"0":{"name":"(anonymous_0)","decl":{"start":{"line":1,"column":23},"end":{"line":1,"column":24}},"loc":{"start":{"line":1,"column":29},"end":{"line":4,"column":1}},"line":1}},"branchMap":{},"s":{"0":1,"1":0,"2":0},"f":{"0":0},"b":{},"_coverageSchema":"1a1c01bbd47fc00a2c39e90264f33305004495a9","hash":"0a0382e2a03b94939bbcfeb09a5558250a0fc572"}
,"/Users/iury/repositorios/espoo-dev/frontend/src/styles/colors.ts": {"path":"/Users/iury/repositorios/espoo-dev/frontend/src/styles/colors.ts","statementMap":{"0":{"start":{"line":1,"column":46},"end":{"line":7,"column":1}}},"fnMap":{},"branchMap":{},"s":{"0":2},"f":{},"b":{},"_coverageSchema":"1a1c01bbd47fc00a2c39e90264f33305004495a9","hash":"7599801efbcab618253f668c1e3c8ea0057c05be"}
,"/Users/iury/repositorios/espoo-dev/frontend/src/styles/utils.ts": {"path":"/Users/iury/repositorios/espoo-dev/frontend/src/styles/utils.ts","statementMap":{"0":{"start":{"line":26,"column":23},"end":{"line":36,"column":1}},"1":{"start":{"line":29,"column":28},"end":{"line":29,"column":42}},"2":{"start":{"line":30,"column":32},"end":{"line":30,"column":45}},"3":{"start":{"line":31,"column":24},"end":{"line":31,"column":37}},"4":{"start":{"line":32,"column":23},"end":{"line":32,"column":35}},"5":{"start":{"line":33,"column":22},"end":{"line":33,"column":33}},"6":{"start":{"line":34,"column":23},"end":{"line":34,"column":35}},"7":{"start":{"line":35,"column":20},"end":{"line":35,"column":29}},"8":{"start":{"line":38,"column":26},"end":{"line":48,"column":1}},"9":{"start":{"line":41,"column":28},"end":{"line":41,"column":42}},"10":{"start":{"line":42,"column":32},"end":{"line":42,"column":45}},"11":{"start":{"line":43,"column":24},"end":{"line":43,"column":37}},"12":{"start":{"line":44,"column":23},"end":{"line":44,"column":35}},"13":{"start":{"line":45,"column":22},"end":{"line":45,"column":33}},"14":{"start":{"line":46,"column":23},"end":{"line":46,"column":35}},"15":{"start":{"line":47,"column":20},"end":{"line":47,"column":29}},"16":{"start":{"line":50,"column":22},"end":{"line":80,"column":1}},"17":{"start":{"line":60,"column":4},"end":{"line":62,"column":5}},"18":{"start":{"line":61,"column":6},"end":{"line":61,"column":20}},"19":{"start":{"line":63,"column":4},"end":{"line":63,"column":17}},"20":{"start":{"line":66,"column":24},"end":{"line":66,"column":29}},"21":{"start":{"line":67,"column":18},"end":{"line":67,"column":33}},"22":{"start":{"line":68,"column":4},"end":{"line":68,"column":35}},"23":{"start":{"line":82,"column":24},"end":{"line":107,"column":1}}},"fnMap":{"0":{"name":"(anonymous_0)","decl":{"start":{"line":29,"column":17},"end":{"line":29,"column":18}},"loc":{"start":{"line":29,"column":28},"end":{"line":29,"column":42}},"line":29},"1":{"name":"(anonymous_1)","decl":{"start":{"line":30,"column":21},"end":{"line":30,"column":22}},"loc":{"start":{"line":30,"column":32},"end":{"line":30,"column":45}},"line":30},"2":{"name":"(anonymous_2)","decl":{"start":{"line":31,"column":13},"end":{"line":31,"column":14}},"loc":{"start":{"line":31,"column":24},"end":{"line":31,"column":37}},"line":31},"3":{"name":"(anonymous_3)","decl":{"start":{"line":32,"column":12},"end":{"line":32,"column":13}},"loc":{"start":{"line":32,"column":23},"end":{"line":32,"column":35}},"line":32},"4":{"name":"(anonymous_4)","decl":{"start":{"line":33,"column":11},"end":{"line":33,"column":12}},"loc":{"start":{"line":33,"column":22},"end":{"line":33,"column":33}},"line":33},"5":{"name":"(anonymous_5)","decl":{"start":{"line":34,"column":12},"end":{"line":34,"column":13}},"loc":{"start":{"line":34,"column":23},"end":{"line":34,"column":35}},"line":34},"6":{"name":"(anonymous_6)","decl":{"start":{"line":35,"column":9},"end":{"line":35,"column":10}},"loc":{"start":{"line":35,"column":20},"end":{"line":35,"column":29}},"line":35},"7":{"name":"(anonymous_7)","decl":{"start":{"line":41,"column":17},"end":{"line":41,"column":18}},"loc":{"start":{"line":41,"column":28},"end":{"line":41,"column":42}},"line":41},"8":{"name":"(anonymous_8)","decl":{"start":{"line":42,"column":21},"end":{"line":42,"column":22}},"loc":{"start":{"line":42,"column":32},"end":{"line":42,"column":45}},"line":42},"9":{"name":"(anonymous_9)","decl":{"start":{"line":43,"column":13},"end":{"line":43,"column":14}},"loc":{"start":{"line":43,"column":24},"end":{"line":43,"column":37}},"line":43},"10":{"name":"(anonymous_10)","decl":{"start":{"line":44,"column":12},"end":{"line":44,"column":13}},"loc":{"start":{"line":44,"column":23},"end":{"line":44,"column":35}},"line":44},"11":{"name":"(anonymous_11)","decl":{"start":{"line":45,"column":11},"end":{"line":45,"column":12}},"loc":{"start":{"line":45,"column":22},"end":{"line":45,"column":33}},"line":45},"12":{"name":"(anonymous_12)","decl":{"start":{"line":46,"column":12},"end":{"line":46,"column":13}},"loc":{"start":{"line":46,"column":23},"end":{"line":46,"column":35}},"line":46},"13":{"name":"(anonymous_13)","decl":{"start":{"line":47,"column":9},"end":{"line":47,"column":10}},"loc":{"start":{"line":47,"column":20},"end":{"line":47,"column":29}},"line":47},"14":{"name":"(anonymous_14)","decl":{"start":{"line":59,"column":19},"end":{"line":59,"column":20}},"loc":{"start":{"line":59,"column":30},"end":{"line":64,"column":3}},"line":59},"15":{"name":"(anonymous_15)","decl":{"start":{"line":65,"column":16},"end":{"line":65,"column":17}},"loc":{"start":{"line":65,"column":27},"end":{"line":69,"column":3}},"line":65}},"branchMap":{"0":{"loc":{"start":{"line":60,"column":4},"end":{"line":62,"column":5}},"type":"if","locations":[{"start":{"line":60,"column":4},"end":{"line":62,"column":5}},{"start":{"line":60,"column":4},"end":{"line":62,"column":5}}],"line":60},"1":{"loc":{"start":{"line":68,"column":11},"end":{"line":68,"column":34}},"type":"binary-expr","locations":[{"start":{"line":68,"column":11},"end":{"line":68,"column":16}},{"start":{"line":68,"column":20},"end":{"line":68,"column":34}}],"line":68}},"s":{"0":2,"1":2,"2":2,"3":2,"4":2,"5":2,"6":2,"7":2,"8":2,"9":0,"10":0,"11":0,"12":0,"13":0,"14":0,"15":0,"16":2,"17":5,"18":0,"19":5,"20":5,"21":5,"22":5,"23":2},"f":{"0":2,"1":2,"2":2,"3":2,"4":2,"5":2,"6":2,"7":0,"8":0,"9":0,"10":0,"11":0,"12":0,"13":0,"14":5,"15":5},"b":{"0":[0,5],"1":[5,5]},"_coverageSchema":"1a1c01bbd47fc00a2c39e90264f33305004495a9","hash":"0ef51f3bea8386161e4d5b0596abe200ff90cb7d"}
,"/Users/iury/repositorios/espoo-dev/frontend/src/test-utils/index.tsx": {"path":"/Users/iury/repositorios/espoo-dev/frontend/src/test-utils/index.tsx","statementMap":{"0":{"start":{"line":4,"column":18},"end":{"line":6,"column":1}},"1":{"start":{"line":5,"column":2},"end":{"line":5,"column":59}},"2":{"start":{"line":8,"column":21},"end":{"line":9,"column":48}},"3":{"start":{"line":9,"column":2},"end":{"line":9,"column":48}}},"fnMap":{"0":{"name":"(anonymous_0)","decl":{"start":{"line":4,"column":18},"end":{"line":4,"column":19}},"loc":{"start":{"line":5,"column":2},"end":{"line":5,"column":59}},"line":5},"1":{"name":"(anonymous_1)","decl":{"start":{"line":8,"column":21},"end":{"line":8,"column":22}},"loc":{"start":{"line":9,"column":2},"end":{"line":9,"column":48}},"line":9}},"branchMap":{"0":{"loc":{"start":{"line":8,"column":26},"end":{"line":8,"column":38}},"type":"default-arg","locations":[{"start":{"line":8,"column":36},"end":{"line":8,"column":38}}],"line":8}},"s":{"0":4,"1":16,"2":4,"3":16},"f":{"0":16,"1":16},"b":{"0":[16]},"_coverageSchema":"1a1c01bbd47fc00a2c39e90264f33305004495a9","hash":"ee55a71ce0b4aa2db029233200dad8c1abf8c808"}
}
