TN:
SF:src/api/client.ts
FN:23,(anonymous_0)
FN:32,(anonymous_1)
FNF:2
FNH:0
FNDA:0,(anonymous_0)
FNDA:0,(anonymous_1)
DA:5,1
DA:9,1
DA:14,1
DA:22,1
DA:24,0
DA:26,0
DA:27,0
DA:30,0
DA:32,0
LF:9
LH:4
BRDA:5,0,0,0
BRDA:5,0,1,1
BRDA:15,1,0,1
BRDA:15,1,1,0
BRDA:26,2,0,0
BRDA:26,2,1,0
BRF:6
BRH:2
end_of_record
TN:
SF:src/api/error-handler.ts
FN:8,(anonymous_0)
FN:23,(anonymous_1)
FNF:2
FNH:2
FNDA:4,(anonymous_0)
FNDA:4,(anonymous_1)
DA:8,2
DA:9,4
DA:13,4
DA:14,0
DA:15,0
DA:16,4
DA:17,4
DA:19,0
DA:23,2
DA:24,4
LF:10
LH:7
BRDA:13,0,0,0
BRDA:13,0,1,4
BRDA:13,1,0,4
BRDA:13,1,1,0
BRDA:13,1,2,0
BRDA:16,2,0,4
BRDA:16,2,1,0
BRF:7
BRH:3
end_of_record
TN:
SF:src/api/index.ts
FNF:0
FNH:0
LF:0
LH:0
BRF:0
BRH:0
end_of_record
TN:
SF:src/api/services/auth.ts
FN:6,(anonymous_0)
FN:10,(anonymous_1)
FN:26,(anonymous_2)
FNF:3
FNH:3
FNDA:9,(anonymous_0)
FNDA:4,(anonymous_1)
FNDA:4,(anonymous_2)
DA:7,9
DA:13,4
DA:14,4
DA:18,2
DA:20,2
DA:23,2
DA:29,4
DA:30,4
DA:32,2
DA:34,2
DA:37,2
LF:11
LH:11
BRF:0
BRH:0
end_of_record
TN:
SF:src/api/services/index.ts
FNF:0
FNH:0
LF:0
LH:0
BRF:0
BRH:0
end_of_record
TN:
SF:src/api/services/role.ts
FN:5,(anonymous_0)
FN:9,(anonymous_1)
FNF:2
FNH:0
FNDA:0,(anonymous_0)
FNDA:0,(anonymous_1)
DA:6,0
DA:10,0
DA:11,0
DA:13,0
DA:14,0
DA:17,0
DA:20,0
LF:7
LH:0
BRDA:13,0,0,0
BRDA:13,0,1,0
BRF:2
BRH:0
end_of_record
TN:
SF:src/api/services/user.ts
FN:5,(anonymous_0)
FN:9,(anonymous_1)
FNF:2
FNH:0
FNDA:0,(anonymous_0)
FNDA:0,(anonymous_1)
DA:6,0
DA:12,0
DA:16,0
DA:17,0
DA:20,0
LF:5
LH:0
BRDA:16,0,0,0
BRDA:16,0,1,0
BRF:2
BRH:0
end_of_record
TN:
SF:src/components/Navbar/navbar.styles.ts
FNF:0
FNH:0
DA:4,1
DA:14,1
DA:20,1
DA:33,1
DA:35,1
LF:5
LH:5
BRF:0
BRH:0
end_of_record
TN:
SF:src/components/Navbar/navbar.tsx
FN:7,(anonymous_0)
FN:11,(anonymous_1)
FNF:2
FNH:2
FNDA:2,(anonymous_0)
FNDA:1,(anonymous_1)
DA:7,1
DA:8,2
DA:9,2
DA:11,2
DA:12,1
DA:15,2
LF:6
LH:6
BRF:0
BRH:0
end_of_record
TN:
SF:src/components/app-button/app-button.styles.ts
FNF:0
FNH:0
DA:5,1
DA:23,1
LF:2
LH:2
BRF:0
BRH:0
end_of_record
TN:
SF:src/components/app-button/app-button.tsx
FN:19,(anonymous_0)
FNF:1
FNH:1
FNDA:5,(anonymous_0)
DA:14,1
DA:19,1
DA:20,5
DA:21,5
DA:30,1
LF:5
LH:5
BRDA:22,0,0,5
BRDA:22,0,1,4
BRDA:23,1,0,5
BRDA:23,1,1,1
BRF:4
BRH:4
end_of_record
TN:
SF:src/components/main/TeacherDetails.tsx
FN:12,(anonymous_0)
FNF:1
FNH:1
FNDA:4,(anonymous_0)
DA:12,1
DA:13,4
DA:14,4
LF:3
LH:3
BRDA:51,0,0,4
BRDA:51,0,1,1
BRF:2
BRH:2
end_of_record
TN:
SF:src/components/main/TeachersList.tsx
FN:18,(anonymous_0)
FN:31,(anonymous_1)
FN:34,(anonymous_2)
FNF:3
FNH:3
FNDA:8,(anonymous_0)
FNDA:2,(anonymous_1)
FNDA:1,(anonymous_2)
DA:18,1
DA:19,8
DA:20,7
DA:21,2
DA:24,5
DA:25,2
DA:28,3
DA:32,2
DA:34,1
LF:9
LH:9
BRDA:20,0,0,2
BRDA:20,0,1,5
BRDA:24,1,0,2
BRDA:24,1,1,3
BRDA:30,2,0,2
BRDA:30,2,1,1
BRDA:30,3,0,3
BRDA:30,3,1,3
BRF:8
BRH:8
end_of_record
TN:
SF:src/context/auth.tsx
FN:25,(anonymous_0)
FN:31,(anonymous_1)
FN:55,(anonymous_2)
FN:71,(anonymous_3)
FN:77,(anonymous_4)
FN:78,(anonymous_5)
FNF:6
FNH:0
FNDA:0,(anonymous_0)
FNDA:0,(anonymous_1)
FNDA:0,(anonymous_2)
FNDA:0,(anonymous_3)
FNDA:0,(anonymous_4)
FNDA:0,(anonymous_5)
DA:19,1
DA:23,1
DA:25,1
DA:26,0
DA:27,0
DA:28,0
DA:29,0
DA:31,0
DA:32,0
DA:33,0
DA:34,0
DA:36,0
DA:37,0
DA:39,0
DA:45,0
DA:47,0
DA:49,0
DA:50,0
DA:51,0
DA:55,0
DA:56,0
DA:57,0
DA:58,0
DA:60,0
DA:61,0
DA:67,0
DA:71,0
DA:72,0
DA:73,0
DA:74,0
DA:77,0
DA:78,0
DA:79,0
DA:81,0
DA:82,0
DA:83,0
DA:85,0
DA:86,0
DA:90,0
DA:93,0
LF:40
LH:3
BRDA:36,0,0,0
BRDA:36,0,1,0
BRDA:60,1,0,0
BRDA:60,1,1,0
BRDA:81,2,0,0
BRDA:81,2,1,0
BRF:6
BRH:0
end_of_record
TN:
SF:src/hooks/index.ts
FNF:0
FNH:0
LF:0
LH:0
BRF:0
BRH:0
end_of_record
TN:
SF:src/hooks/useAuth.ts
FN:1,(anonymous_0)
FNF:1
FNH:0
FNDA:0,(anonymous_0)
DA:1,1
DA:2,0
DA:3,0
LF:3
LH:1
BRF:0
BRH:0
end_of_record
TN:
SF:src/styles/colors.ts
FNF:0
FNH:0
DA:1,2
LF:1
LH:1
BRF:0
BRH:0
end_of_record
TN:
SF:src/styles/utils.ts
FN:29,(anonymous_0)
FN:30,(anonymous_1)
FN:31,(anonymous_2)
FN:32,(anonymous_3)
FN:33,(anonymous_4)
FN:34,(anonymous_5)
FN:35,(anonymous_6)
FN:41,(anonymous_7)
FN:42,(anonymous_8)
FN:43,(anonymous_9)
FN:44,(anonymous_10)
FN:45,(anonymous_11)
FN:46,(anonymous_12)
FN:47,(anonymous_13)
FN:59,(anonymous_14)
FN:65,(anonymous_15)
FNF:16
FNH:9
FNDA:2,(anonymous_0)
FNDA:2,(anonymous_1)
FNDA:2,(anonymous_2)
FNDA:2,(anonymous_3)
FNDA:2,(anonymous_4)
FNDA:2,(anonymous_5)
FNDA:2,(anonymous_6)
FNDA:0,(anonymous_7)
FNDA:0,(anonymous_8)
FNDA:0,(anonymous_9)
FNDA:0,(anonymous_10)
FNDA:0,(anonymous_11)
FNDA:0,(anonymous_12)
FNDA:0,(anonymous_13)
FNDA:5,(anonymous_14)
FNDA:5,(anonymous_15)
DA:26,2
DA:29,2
DA:30,2
DA:31,2
DA:32,2
DA:33,2
DA:34,2
DA:35,2
DA:38,2
DA:41,0
DA:42,0
DA:43,0
DA:44,0
DA:45,0
DA:46,0
DA:47,0
DA:50,2
DA:60,5
DA:61,0
DA:63,5
DA:66,5
DA:67,5
DA:68,5
DA:82,2
LF:24
LH:16
BRDA:60,0,0,0
BRDA:60,0,1,5
BRDA:68,1,0,5
BRDA:68,1,1,5
BRF:4
BRH:3
end_of_record
TN:
SF:src/test-utils/index.tsx
FN:4,(anonymous_0)
FN:8,(anonymous_1)
FNF:2
FNH:2
FNDA:16,(anonymous_0)
FNDA:16,(anonymous_1)
DA:4,4
DA:5,16
DA:8,4
DA:9,16
LF:4
LH:4
BRDA:8,0,0,16
BRF:1
BRH:1
end_of_record
